Information: Updating graph... (UID-83)
 
****************************************
Report : reference
Design : aes128key
Version: O-2018.06-SP5
Date   : Sun Feb 21 19:17:13 2021
****************************************

Attributes:
    b - black box (unknown)
   bo - allows boundary optimization
    d - dont_touch
   mo - map_only
    h - hierarchical
    n - noncombinational
    r - removable
    s - synthetic operator
    u - contains unmapped logic

Reference          Library       Unit Area   Count    Total Area   Attributes
-----------------------------------------------------------------------------
AND2_X1            NangateOpenCellLibrary
                                  1.064000     128    136.192001  
AND2_X2            NangateOpenCellLibrary
                                  1.330000   19131  25444.230821  
AND3_X2            NangateOpenCellLibrary
                                  1.596000       8     12.768000  
AND4_X2            NangateOpenCellLibrary
                                  1.862000       4      7.448000  
AOI21_X1           NangateOpenCellLibrary
                                  1.064000       3      3.192000  
AOI22_X1           NangateOpenCellLibrary
                                  1.330000     462    614.460020  
AOI221_X1          NangateOpenCellLibrary
                                  1.596000       1      1.596000  
AOI222_X1          NangateOpenCellLibrary
                                  2.128000     109    231.952002  
AOI222_X2          NangateOpenCellLibrary
                                  3.724000      19     70.756000  
BUF_X8             NangateOpenCellLibrary
                                  3.458000      40    138.319998  
CLKBUF_X1          NangateOpenCellLibrary
                                  0.798000      25     19.949999  
CLKBUF_X2          NangateOpenCellLibrary
                                  1.064000      42     44.688000  
CLKBUF_X3          NangateOpenCellLibrary
                                  1.330000    1923   2557.590083  
DFF_X1             NangateOpenCellLibrary
                                  4.522000     257   1162.153958  n
DFF_X2             NangateOpenCellLibrary
                                  5.054000       5     25.270000  n
HA_X1              NangateOpenCellLibrary
                                  2.660000       4     10.640000  r
INV_X1             NangateOpenCellLibrary
                                  0.532000    1163    618.716006  
INV_X2             NangateOpenCellLibrary
                                  0.798000     671    535.457985  
INV_X4             NangateOpenCellLibrary
                                  1.330000     283    376.390012  
INV_X8             NangateOpenCellLibrary
                                  2.394000      64    153.216003  
INV_X16            NangateOpenCellLibrary
                                  4.522000      21     94.961997  
INV_X32            NangateOpenCellLibrary
                                  8.778000       5     43.889999  
MUX2_X1            NangateOpenCellLibrary
                                  1.862000     133    247.645998  
MUX2_X2            NangateOpenCellLibrary
                                  2.394000       1      2.394000  
NAND2_X1           NangateOpenCellLibrary
                                  0.798000     196    156.407996  
NAND3_X1           NangateOpenCellLibrary
                                  1.064000       1      1.064000  
NOR2_X1            NangateOpenCellLibrary
                                  0.798000      33     26.333999  
OAI21_X1           NangateOpenCellLibrary
                                  1.064000      64     68.096001  
OAI22_X1           NangateOpenCellLibrary
                                  1.330000      18     23.940001  
OR2_X1             NangateOpenCellLibrary
                                  1.064000      10     10.640000  
OR2_X2             NangateOpenCellLibrary
                                  1.330000    9565  12721.450410  
OR2_X4             NangateOpenCellLibrary
                                  2.394000      15     35.910001  
OR3_X1             NangateOpenCellLibrary
                                  1.330000       3      3.990000  
OR4_X1             NangateOpenCellLibrary
                                  1.596000       2      3.192000  
XNOR2_X1           NangateOpenCellLibrary
                                  1.596000      63    100.547997  
XNOR2_X2           NangateOpenCellLibrary
                                  2.660000       6     15.960001  
XOR2_X1            NangateOpenCellLibrary
                                  1.596000     659   1051.763971  
-----------------------------------------------------------------------------
Total 37 references                                 46773.175260
1
Information: Updating design information... (UID-85)
 
****************************************
Report : timing
        -path full
        -delay max
        -max_paths 1
        -transition_time
        -capacitance
Design : aes128key
Version: O-2018.06-SP5
Date   : Sun Feb 21 19:17:14 2021
****************************************

Operating Conditions: slow   Library: NangateOpenCellLibrary
Wire Load Model Mode: top

  Startpoint: roundCounter_reg[4]
              (rising edge-triggered flip-flop clocked by CLK)
  Endpoint: sub_reg[33]
            (rising edge-triggered flip-flop clocked by CLK)
  Path Group: CLK
  Path Type: max

  Des/Clust/Port     Wire Load Model       Library
  ------------------------------------------------
  aes128key          5K_hvratio_1_1        NangateOpenCellLibrary

  Point                           Cap     Trans      Incr       Path
  ---------------------------------------------------------------------
  clock CLK (rise edge)                              0.00       0.00
  clock network delay (ideal)                        0.00       0.00
  roundCounter_reg[4]/CK (DFF_X2)          0.00      0.00       0.00 r
  roundCounter_reg[4]/Q (DFF_X2)
                                37.08      0.05      0.31       0.31 f
  C2285/ZN (OR2_X2)              1.82      0.03      0.19       0.50 f
  C2286/ZN (OR2_X2)              1.82      0.03      0.18       0.68 f
  C2287/ZN (OR2_X2)              3.12      0.03      0.19       0.87 f
  I_24/ZN (INV_X2)               7.16      0.04      0.08       0.95 r
  U2358/Z (CLKBUF_X3)            6.42      0.03      0.11       1.06 r
  U2396/ZN (INV_X4)              3.04      0.01      0.06       1.12 f
  U2370/Z (CLKBUF_X3)           13.64      0.03      0.12       1.25 f
  U2363/ZN (INV_X1)             25.21      0.21      0.27       1.51 r
  U1074/ZN (AOI22_X1)            1.79      0.05      0.11       1.62 f
  U1073/ZN (INV_X1)              2.55      0.03      0.07       1.69 r
  C33618/Z (XOR2_X1)             1.95      0.09      0.18       1.88 r
  U1322/ZN (AOI22_X1)           10.94      0.10      0.13       2.00 f
  U2322/ZN (INV_X8)            222.52      0.23      0.38       2.38 r
  U2321/ZN (INV_X4)            154.57      0.11      0.34       2.72 f
  C15099/ZN (AND2_X2)            1.82      0.02      0.18       2.91 f
  C15100/ZN (OR2_X2)             7.61      0.03      0.20       3.11 f
  C15180/ZN (AND2_X2)            1.82      0.02      0.12       3.22 f
  C15181/ZN (OR2_X2)             1.80      0.03      0.18       3.40 f
  C15183/ZN (AND2_X2)            1.82      0.02      0.11       3.51 f
  C15184/ZN (OR2_X2)             1.80      0.03      0.18       3.69 f
  C15186/ZN (AND2_X2)            1.82      0.02      0.11       3.79 f
  C15187/ZN (OR2_X2)             1.80      0.03      0.18       3.97 f
  C15189/ZN (AND2_X2)            1.82      0.02      0.11       4.08 f
  C15190/ZN (OR2_X2)             1.78      0.03      0.18       4.26 f
  U557/ZN (AOI222_X1)            1.92      0.19      0.35       4.60 r
  U556/ZN (NAND2_X1)             1.34      0.03      0.08       4.69 f
  sub_reg[33]/D (DFF_X1)                   0.03      0.01       4.70 f
  data arrival time                                             4.70

  clock CLK (rise edge)                              5.00       5.00
  clock network delay (ideal)                        0.00       5.00
  sub_reg[33]/CK (DFF_X1)                            0.00       5.00 r
  library setup time                                -0.17       4.83
  data required time                                            4.83
  ---------------------------------------------------------------------
  data required time                                            4.83
  data arrival time                                            -4.70
  ---------------------------------------------------------------------
  slack (MET)                                                   0.14


1
Loading db file '/CMC/setups/ensc450/SOCLAB/LIBRARIES/NangateOpenCellLibrary_PDKv1_3_v2010_12/Front_End/DB/NangateOpenCellLibrary_slow.db'
Information: Propagating switching activity (low effort zero delay simulation). (PWR-6)
Warning: Design has unannotated primary inputs. (PWR-414)
Warning: Design has unannotated sequential cell outputs. (PWR-415)
 
****************************************
Report : power
        -analysis_effort low
Design : aes128key
Version: O-2018.06-SP5
Date   : Sun Feb 21 19:17:15 2021
****************************************


Library(s) Used:

    NangateOpenCellLibrary (File: /CMC/setups/ensc450/SOCLAB/LIBRARIES/NangateOpenCellLibrary_PDKv1_3_v2010_12/Front_End/DB/NangateOpenCellLibrary_slow.db)


Operating Conditions: slow   Library: NangateOpenCellLibrary
Wire Load Model Mode: top

Design        Wire Load Model            Library
------------------------------------------------
aes128key              5K_hvratio_1_1    NangateOpenCellLibrary


Global Operating Voltage = 0.95 
Power-specific unit information :
    Voltage Units = 1V
    Capacitance Units = 1.000000ff
    Time Units = 1ns
    Dynamic Power Units = 1uW    (derived from V,C,T units)
    Leakage Power Units = 1nW


  Cell Internal Power  =   3.6695 mW   (65%)
  Net Switching Power  =   2.0030 mW   (35%)
                         ---------
Total Dynamic Power    =   5.6725 mW  (100%)

Cell Leakage Power     =   1.0989 mW


                 Internal         Switching           Leakage            Total
Power Group      Power            Power               Power              Power   (   %    )  Attrs
--------------------------------------------------------------------------------------------------
io_pad             0.0000            0.0000            0.0000            0.0000  (   0.00%)
memory             0.0000            0.0000            0.0000            0.0000  (   0.00%)
black_box          0.0000            0.0000            0.0000            0.0000  (   0.00%)
clock_network      0.0000            0.0000            0.0000            0.0000  (   0.00%)
register         178.3055           33.7908        1.4393e+04          226.4886  (   3.34%)
sequential         0.0000            0.0000            0.0000            0.0000  (   0.00%)
combinational  3.4913e+03        1.9692e+03        1.0845e+06        6.5449e+03  (  96.66%)
--------------------------------------------------------------------------------------------------
Total          3.6696e+03 uW     2.0030e+03 uW     1.0989e+06 nW     6.7714e+03 uW
1
